<?xml version="1.0" encoding="UTF-8"?>
<!-- Generated by org.testng.reporters.JUnitXMLReporter -->
<testsuite ignored="0" hostname="DESKTOP-16GIN7C" failures="0" tests="4" name="Test" time="150.494" errors="0" timestamp="2026-03-25T22:21:29 IST">
  <testcase classname="package1.AmazonProject.TC1_LogintoAmazon" name="withValidCredentials" time="9.57"/>
  <testcase classname="package1.AmazonProject.TC2_LogintoAmazonandLogout" name="loginLogout" time="14.051"/>
  <testcase classname="package1.AmazonProject.TC3_LoginSearchWishistCartandLogout" name="searchingTheProduct_WL_Crt_Lgout" time="32.053">
    <skipped/>
  </testcase> <!-- searchingTheProduct_WL_Crt_Lgout -->
  <testcase classname="package1.AmazonProject.TC3_LoginSearchWishistCartandLogout" name="searchingTheProduct_WL_Crt_Lgout" time="41.397"/>
</testsuite> <!-- Test -->
