<?xml version="1.0" encoding="UTF-8"?>
<!-- Generated by org.testng.reporters.JUnitXMLReporter -->
<testsuite ignored="0" hostname="DESKTOP-16GIN7C" failures="0" tests="3" name="Test" time="100.018" errors="0" timestamp="2026-03-25T22:28:37 IST">
  <testcase classname="package1.AmazonProject.TC1_LogintoAmazon" name="withValidCredentials" time="9.022"/>
  <testcase classname="package1.AmazonProject.TC2_LogintoAmazonandLogout" name="loginLogout" time="15.987"/>
  <testcase classname="package1.AmazonProject.TC3_LoginSearchWishistCartandLogout" name="searchingTheProduct_WL_Crt_Lgout" time="39.297"/>
</testsuite> <!-- Test -->
