<?xml version="1.0" encoding="UTF-8"?>
<testng-results ignored="0" total="3" passed="3" failed="0" skipped="0">
  <reporter-output>
    <line>
      <![CDATA[Browser and URL Launched Successfully]]>
    </line>
    <line>
      <![CDATA[Hoverover on Accounts & Lists and Signin click is successfull]]>
    </line>
    <line>
      <![CDATA[Username and password entered successfully]]>
    </line>
    <line>
      <![CDATA[Test Case is Pass as Assertion is Pass]]>
    </line>
  </reporter-output>
  <suite started-at="2026-03-25T22:26:57 IST" name="Suite" finished-at="2026-03-25T22:28:37 IST" duration-ms="100018">
    <groups>
    </groups>
    <test started-at="2026-03-25T22:26:57 IST" name="Test" finished-at="2026-03-25T22:28:37 IST" duration-ms="100018">
      <class name="package1.AmazonProject.TC3_LoginSearchWishistCartandLogout">
        <test-method is-config="true" signature="launchBrowser(java.lang.String)[pri:0, instance:package1.AmazonProject.TC3_LoginSearchWishistCartandLogout@dd8ba08]" started-at="2026-03-25T22:27:45 IST" name="launchBrowser" finished-at="2026-03-25T22:27:57 IST" duration-ms="12442" status="PASS">
          <params>
            <param index="0">
              <value>
                <![CDATA[chrome]]>
              </value>
            </param>
          </params>
          <reporter-output>
          </reporter-output>
        </test-method> <!-- launchBrowser -->
        <test-method signature="searchingTheProduct_WL_Crt_Lgout()[pri:0, instance:package1.AmazonProject.TC3_LoginSearchWishistCartandLogout@dd8ba08]" started-at="2026-03-25T22:27:57 IST" name="searchingTheProduct_WL_Crt_Lgout" finished-at="2026-03-25T22:28:37 IST" duration-ms="39297" status="PASS">
          <reporter-output>
          </reporter-output>
        </test-method> <!-- searchingTheProduct_WL_Crt_Lgout -->
        <test-method is-config="true" signature="closeBrowser()[pri:0, instance:package1.AmazonProject.TC3_LoginSearchWishistCartandLogout@dd8ba08]" started-at="2026-03-25T22:28:37 IST" name="closeBrowser" finished-at="2026-03-25T22:28:37 IST" duration-ms="1" status="PASS">
          <reporter-output>
          </reporter-output>
        </test-method> <!-- closeBrowser -->
      </class> <!-- package1.AmazonProject.TC3_LoginSearchWishistCartandLogout -->
      <class name="package1.AmazonProject.TC1_LogintoAmazon">
        <test-method is-config="true" signature="launchBrowser(java.lang.String)[pri:0, instance:package1.AmazonProject.TC1_LogintoAmazon@498d318c]" started-at="2026-03-25T22:26:57 IST" name="launchBrowser" finished-at="2026-03-25T22:27:09 IST" duration-ms="11816" status="PASS">
          <params>
            <param index="0">
              <value>
                <![CDATA[chrome]]>
              </value>
            </param>
          </params>
          <reporter-output>
          </reporter-output>
        </test-method> <!-- launchBrowser -->
        <test-method signature="withValidCredentials()[pri:0, instance:package1.AmazonProject.TC1_LogintoAmazon@498d318c]" started-at="2026-03-25T22:27:09 IST" name="withValidCredentials" finished-at="2026-03-25T22:27:18 IST" duration-ms="9022" status="PASS">
          <reporter-output>
            <line>
              <![CDATA[Browser and URL Launched Successfully]]>
            </line>
            <line>
              <![CDATA[Hoverover on Accounts & Lists and Signin click is successfull]]>
            </line>
            <line>
              <![CDATA[Username and password entered successfully]]>
            </line>
            <line>
              <![CDATA[Test Case is Pass as Assertion is Pass]]>
            </line>
          </reporter-output>
        </test-method> <!-- withValidCredentials -->
        <test-method is-config="true" signature="closeBrowser()[pri:0, instance:package1.AmazonProject.TC1_LogintoAmazon@498d318c]" started-at="2026-03-25T22:27:18 IST" name="closeBrowser" finished-at="2026-03-25T22:27:18 IST" duration-ms="1" status="PASS">
          <reporter-output>
          </reporter-output>
        </test-method> <!-- closeBrowser -->
      </class> <!-- package1.AmazonProject.TC1_LogintoAmazon -->
      <class name="package1.AmazonProject.TC2_LogintoAmazonandLogout">
        <test-method is-config="true" signature="launchBrowser(java.lang.String)[pri:0, instance:package1.AmazonProject.TC2_LogintoAmazonandLogout@515aebb0]" started-at="2026-03-25T22:27:18 IST" name="launchBrowser" finished-at="2026-03-25T22:27:29 IST" duration-ms="10385" status="PASS">
          <params>
            <param index="0">
              <value>
                <![CDATA[chrome]]>
              </value>
            </param>
          </params>
          <reporter-output>
          </reporter-output>
        </test-method> <!-- launchBrowser -->
        <test-method signature="loginLogout()[pri:0, instance:package1.AmazonProject.TC2_LogintoAmazonandLogout@515aebb0]" started-at="2026-03-25T22:27:29 IST" name="loginLogout" finished-at="2026-03-25T22:27:45 IST" duration-ms="15987" status="PASS">
          <reporter-output>
          </reporter-output>
        </test-method> <!-- loginLogout -->
        <test-method is-config="true" signature="closeBrowser()[pri:0, instance:package1.AmazonProject.TC2_LogintoAmazonandLogout@515aebb0]" started-at="2026-03-25T22:27:45 IST" name="closeBrowser" finished-at="2026-03-25T22:27:45 IST" duration-ms="2" status="PASS">
          <reporter-output>
          </reporter-output>
        </test-method> <!-- closeBrowser -->
      </class> <!-- package1.AmazonProject.TC2_LogintoAmazonandLogout -->
    </test> <!-- Test -->
  </suite> <!-- Suite -->
</testng-results>
