<?xml version="1.0" encoding="UTF-8"?>
<testsuite xmlns:xsi="http://www.w3.org/2001/XMLSchema-instance" xsi:noNamespaceSchemaLocation="https://maven.apache.org/surefire/maven-surefire-plugin/xsd/surefire-test-report.xsd" version="3.0.2" name="TestSuite" time="101.017" tests="3" errors="0" skipped="0" failures="0">
  <properties>
[...]
</properties>
  <testcase name="withValidCredentials" classname="package1.AmazonProject.TC1_LogintoAmazon" time="9.024">
    <system-err><![CDATA[SLF4J: Failed to load class "org.slf4j.impl.StaticLoggerBinder".
SLF4J: Defaulting to no-operation (NOP) logger implementation
SLF4J: See http://www.slf4j.org/codes.html#StaticLoggerBinder for further details.
Mar 25, 2026 10:27:02 PM org.openqa.selenium.devtools.CdpVersionFinder findNearestMatch
WARNING: Unable to find an exact match for CDP version 146, returning the closest version; found: 144; Please update to a Selenium version that supports CDP version 146
]]></system-err>
  </testcase>
  <testcase name="loginLogout" classname="package1.AmazonProject.TC2_LogintoAmazonandLogout" time="15.986">
    <system-out><![CDATA[1774457838125
Wed Mar 25 22:27:18 IST 2026
25
Mar
2026
22
27
18
25 Mar 2026 22-27-18
]]></system-out>
    <system-err><![CDATA[Mar 25, 2026 10:27:21 PM org.openqa.selenium.devtools.CdpVersionFinder findNearestMatch
WARNING: Unable to find an exact match for CDP version 146, returning the closest version; found: 144; Please update to a Selenium version that supports CDP version 146
]]></system-err>
  </testcase>
  <testcase name="searchingTheProduct_WL_Crt_Lgout" classname="package1.AmazonProject.TC3_LoginSearchWishistCartandLogout" time="39.293">
    <system-out><![CDATA[1774457865122
Wed Mar 25 22:27:45 IST 2026
25
Mar
2026
22
27
45
25 Mar 2026 22-27-45
]]></system-out>
    <system-err><![CDATA[Mar 25, 2026 10:27:48 PM org.openqa.selenium.devtools.CdpVersionFinder findNearestMatch
WARNING: Unable to find an exact match for CDP version 146, returning the closest version; found: 144; Please update to a Selenium version that supports CDP version 146
]]></system-err>
  </testcase>
</testsuite>