<?xml version="1.0" encoding="UTF-8"?>
<!-- Generated by org.testng.reporters.JUnitReportReporter -->
<testsuite hostname="DESKTOP-16GIN7C" failures="0" tests="2" name="package1.AmazonProject.TC3_LoginSearchWishistCartandLogout" time="96.564" errors="0" timestamp="2026-03-25T22:21:29 IST" skipped="1">
  <testcase classname="package1.AmazonProject.TC3_LoginSearchWishistCartandLogout" name="searchingTheProduct_WL_Crt_Lgout" time="45.301">
    <skipped/>
  </testcase> <!-- searchingTheProduct_WL_Crt_Lgout -->
  <testcase classname="package1.AmazonProject.TC3_LoginSearchWishistCartandLogout" name="searchingTheProduct_WL_Crt_Lgout" time="51.263"/>
  <system-out>
    <![CDATA[Browser and URL Launched Successfully
Hoverover on Accounts & Lists and Signin click is successfull
Username and password entered successfully
Test Case is Pass as Assertion is Pass]]>
  </system-out>
</testsuite> <!-- package1.AmazonProject.TC3_LoginSearchWishistCartandLogout -->
