<?xml version="1.0" encoding="UTF-8"?>
<!-- Generated by org.testng.reporters.JUnitReportReporter -->
<testsuite hostname="DESKTOP-16GIN7C" failures="0" tests="1" name="package1.AmazonProject.TC3_LoginSearchWishistCartandLogout" time="51.740" errors="0" timestamp="2026-03-25T22:28:37 IST" skipped="0">
  <testcase classname="package1.AmazonProject.TC3_LoginSearchWishistCartandLogout" name="searchingTheProduct_WL_Crt_Lgout" time="51.740"/>
  <system-out>
    <![CDATA[Browser and URL Launched Successfully
Hoverover on Accounts & Lists and Signin click is successfull
Username and password entered successfully
Test Case is Pass as Assertion is Pass]]>
  </system-out>
</testsuite> <!-- package1.AmazonProject.TC3_LoginSearchWishistCartandLogout -->
