<?xml version="1.0" encoding="UTF-8"?>
<!-- Generated by org.testng.reporters.JUnitReportReporter -->
<testsuite hostname="DESKTOP-16GIN7C" failures="0" tests="1" name="package1.AmazonProject.TC1_LogintoAmazon" time="20.839" errors="0" timestamp="2026-03-25T22:28:37 IST" skipped="0">
  <testcase classname="package1.AmazonProject.TC1_LogintoAmazon" name="withValidCredentials" time="20.839">
    <system-out>
      <![CDATA[Browser and URL Launched Successfully
Hoverover on Accounts & Lists and Signin click is successfull
Username and password entered successfully
Test Case is Pass as Assertion is Pass]]>
    </system-out>
  </testcase> <!-- withValidCredentials -->
  <system-out>
    <![CDATA[Browser and URL Launched Successfully
Hoverover on Accounts & Lists and Signin click is successfull
Username and password entered successfully
Test Case is Pass as Assertion is Pass]]>
  </system-out>
</testsuite> <!-- package1.AmazonProject.TC1_LogintoAmazon -->
